Pig Stack Trace
---------------
ERROR 2116: 
<file hero_best_items.pig, line 10, column 0> Output Location Validation Failed for: 's3://test-data-hw3/data/pig-join-first-v1-results More info to follow:
java.io.IOException: No FileSystem for scheme: s3

org.apache.pig.impl.plan.VisitorException: ERROR 2116: 
<file hero_best_items.pig, line 10, column 0> Output Location Validation Failed for: 's3://test-data-hw3/data/pig-join-first-v1-results More info to follow:
java.io.IOException: No FileSystem for scheme: s3
	at org.apache.pig.newplan.logical.visitor.InputOutputFileValidatorVisitor.visit(InputOutputFileValidatorVisitor.java:64)
	at org.apache.pig.newplan.logical.relational.LOStore.accept(LOStore.java:66)
	at org.apache.pig.newplan.DepthFirstWalker.depthFirst(DepthFirstWalker.java:64)
	at org.apache.pig.newplan.DepthFirstWalker.depthFirst(DepthFirstWalker.java:66)
	at org.apache.pig.newplan.DepthFirstWalker.depthFirst(DepthFirstWalker.java:66)
	at org.apache.pig.newplan.DepthFirstWalker.depthFirst(DepthFirstWalker.java:66)
	at org.apache.pig.newplan.DepthFirstWalker.depthFirst(DepthFirstWalker.java:66)
	at org.apache.pig.newplan.DepthFirstWalker.walk(DepthFirstWalker.java:53)
	at org.apache.pig.newplan.PlanVisitor.visit(PlanVisitor.java:52)
	at org.apache.pig.newplan.logical.relational.LogicalPlan.validate(LogicalPlan.java:212)
	at org.apache.pig.PigServer$Graph.compile(PigServer.java:1767)
	at org.apache.pig.PigServer$Graph.access$300(PigServer.java:1443)
	at org.apache.pig.PigServer.execute(PigServer.java:1356)
	at org.apache.pig.PigServer.executeBatch(PigServer.java:415)
	at org.apache.pig.PigServer.executeBatch(PigServer.java:398)
	at org.apache.pig.tools.grunt.GruntParser.executeBatch(GruntParser.java:171)
	at org.apache.pig.tools.grunt.GruntParser.parseStopOnError(GruntParser.java:234)
	at org.apache.pig.tools.grunt.GruntParser.parseStopOnError(GruntParser.java:205)
	at org.apache.pig.tools.grunt.Grunt.exec(Grunt.java:81)
	at org.apache.pig.Main.run(Main.java:631)
	at org.apache.pig.Main.main(Main.java:177)
	at sun.reflect.NativeMethodAccessorImpl.invoke0(Native Method)
	at sun.reflect.NativeMethodAccessorImpl.invoke(NativeMethodAccessorImpl.java:57)
	at sun.reflect.DelegatingMethodAccessorImpl.invoke(DelegatingMethodAccessorImpl.java:43)
	at java.lang.reflect.Method.invoke(Method.java:606)
	at org.apache.hadoop.util.RunJar.run(RunJar.java:221)
	at org.apache.hadoop.util.RunJar.main(RunJar.java:136)
Caused by: java.lang.RuntimeException: java.io.IOException: No FileSystem for scheme: s3
	at org.apache.hadoop.mapreduce.lib.output.FileOutputFormat.setOutputPath(FileOutputFormat.java:164)
	at org.apache.pig.builtin.PigStorage.setStoreLocation(PigStorage.java:457)
	at org.apache.pig.newplan.logical.visitor.InputOutputFileValidatorVisitor.visit(InputOutputFileValidatorVisitor.java:57)
	... 26 more
Caused by: java.io.IOException: No FileSystem for scheme: s3
	at org.apache.hadoop.fs.FileSystem.getFileSystemClass(FileSystem.java:2644)
	at org.apache.hadoop.fs.FileSystem.createFileSystem(FileSystem.java:2651)
	at org.apache.hadoop.fs.FileSystem.access$200(FileSystem.java:92)
	at org.apache.hadoop.fs.FileSystem$Cache.getInternal(FileSystem.java:2687)
	at org.apache.hadoop.fs.FileSystem$Cache.get(FileSystem.java:2669)
	at org.apache.hadoop.fs.FileSystem.get(FileSystem.java:371)
	at org.apache.hadoop.fs.Path.getFileSystem(Path.java:295)
	at org.apache.hadoop.mapreduce.lib.output.FileOutputFormat.setOutputPath(FileOutputFormat.java:160)
	... 28 more
================================================================================
